2024-03-05 16:03:10,787 INFO o.a.j.u.JMeterUtils: Setting Locale to en_EN
2024-03-05 16:03:10,807 INFO o.a.j.JMeter: Loading user properties from: /opt/homebrew/Cellar/jmeter/5.6.3/libexec/bin/user.properties
2024-03-05 16:03:10,808 INFO o.a.j.JMeter: Loading system properties from: /opt/homebrew/Cellar/jmeter/5.6.3/libexec/bin/system.properties
2024-03-05 16:03:10,813 INFO o.a.j.JMeter: Copyright (c) 1998-2024 The Apache Software Foundation
2024-03-05 16:03:10,813 INFO o.a.j.JMeter: Version 5.6.3
2024-03-05 16:03:10,813 INFO o.a.j.JMeter: java.version=21.0.2
2024-03-05 16:03:10,813 INFO o.a.j.JMeter: java.vm.name=OpenJDK 64-Bit Server VM
2024-03-05 16:03:10,813 INFO o.a.j.JMeter: os.name=Mac OS X
2024-03-05 16:03:10,813 INFO o.a.j.JMeter: os.arch=aarch64
2024-03-05 16:03:10,813 INFO o.a.j.JMeter: os.version=14.2.1
2024-03-05 16:03:10,813 INFO o.a.j.JMeter: file.encoding=UTF-8
2024-03-05 16:03:10,813 INFO o.a.j.JMeter: java.awt.headless=null
2024-03-05 16:03:10,813 INFO o.a.j.JMeter: Max memory     =1073741824
2024-03-05 16:03:10,813 INFO o.a.j.JMeter: Available Processors =8
2024-03-05 16:03:10,823 INFO o.a.j.JMeter: Default Locale=English (EN)
2024-03-05 16:03:10,823 INFO o.a.j.JMeter: JMeter  Locale=English (EN)
2024-03-05 16:03:10,823 INFO o.a.j.JMeter: JMeterHome=/opt/homebrew/Cellar/jmeter/5.6.3/libexec
2024-03-05 16:03:10,823 INFO o.a.j.JMeter: user.dir  =/Users/jhiyoshi/projects/spring-petclinic
2024-03-05 16:03:10,823 INFO o.a.j.JMeter: PWD       =/Users/jhiyoshi/projects/spring-petclinic
2024-03-05 16:03:10,852 INFO o.a.j.JMeter: IP: 127.0.0.1 Name: jhmacbook.local FullName: localhost
2024-03-05 16:03:10,862 INFO o.a.j.JMeter: Loaded icon properties from org/apache/jmeter/images/icon.properties
2024-03-05 16:03:11,501 INFO o.a.j.JMeterGuiLauncher: Setting LAF to: com.github.weisj.darklaf.DarkLaf:com.github.weisj.darklaf.theme.SolarizedDarkTheme
2024-03-05 16:03:13,424 INFO o.a.j.r.ClassFinder: Will scan jar /opt/homebrew/Cellar/jmeter/5.6.3/libexec/lib/ext/jmeter-plugins-manager-1.10.jar with filter ExtendsClassFilter [parents=[interface org.apache.jmeter.gui.action.Command], inner=false, contains=null, notContains=null]. Consider exposing JMeter plugins via META-INF/services, and add JMeter-Skip-Class-Scanning=true manifest attribute so JMeter can skip classfile scanning
2024-03-05 16:03:13,478 INFO o.a.j.r.ClassFinder: Will scan jar /opt/homebrew/Cellar/jmeter/5.6.3/libexec/lib/ext/bzm-repositories-plugin-1.1.jar with filter ExtendsClassFilter [parents=[interface org.apache.jmeter.gui.action.Command], inner=false, contains=null, notContains=null]. Consider exposing JMeter plugins via META-INF/services, and add JMeter-Skip-Class-Scanning=true manifest attribute so JMeter can skip classfile scanning
2024-03-05 16:03:13,487 INFO o.a.j.r.ClassFinder: Will scan jar /opt/homebrew/Cellar/jmeter/5.6.3/libexec/lib/ext/jmeter-bzm-correlation-recorder-2.2.1.jar with filter ExtendsClassFilter [parents=[interface org.apache.jmeter.gui.action.Command], inner=false, contains=null, notContains=null]. Consider exposing JMeter plugins via META-INF/services, and add JMeter-Skip-Class-Scanning=true manifest attribute so JMeter can skip classfile scanning
2024-03-05 16:03:13,572 INFO o.a.j.r.ClassFinder: Will scan jar /opt/homebrew/Cellar/jmeter/5.6.3/libexec/lib/ext/jmeter-plugins-manager-1.10.jar with filter ExtendsClassFilter [parents=[interface org.apache.jmeter.gui.plugin.MenuCreator], inner=false, contains=null, notContains=null]. Consider exposing JMeter plugins via META-INF/services, and add JMeter-Skip-Class-Scanning=true manifest attribute so JMeter can skip classfile scanning
2024-03-05 16:03:13,574 INFO o.a.j.r.ClassFinder: Will scan jar /opt/homebrew/Cellar/jmeter/5.6.3/libexec/lib/ext/bzm-repositories-plugin-1.1.jar with filter ExtendsClassFilter [parents=[interface org.apache.jmeter.gui.plugin.MenuCreator], inner=false, contains=null, notContains=null]. Consider exposing JMeter plugins via META-INF/services, and add JMeter-Skip-Class-Scanning=true manifest attribute so JMeter can skip classfile scanning
2024-03-05 16:03:13,574 INFO o.a.j.r.ClassFinder: Will scan jar /opt/homebrew/Cellar/jmeter/5.6.3/libexec/lib/ext/jmeter-bzm-correlation-recorder-2.2.1.jar with filter ExtendsClassFilter [parents=[interface org.apache.jmeter.gui.plugin.MenuCreator], inner=false, contains=null, notContains=null]. Consider exposing JMeter plugins via META-INF/services, and add JMeter-Skip-Class-Scanning=true manifest attribute so JMeter can skip classfile scanning
2024-03-05 16:03:13,686 INFO o.j.r.JARSourceHTTP: Found cached repo
2024-03-05 16:03:13,827 INFO o.j.r.PluginManager: Plugins Status: [bzm-siebel=2.2.1, bzm-repositories=1.1, jpgc-plugins-manager=1.10, jmeter-core=5.6.3, jmeter-ftp=5.6.3, jmeter-http=5.6.3, jmeter-jdbc=5.6.3, jmeter-jms=5.6.3, jmeter-junit=5.6.3, jmeter-java=5.6.3, jmeter-ldap=5.6.3, jmeter-mail=5.6.3, jmeter-mongodb=5.6.3, jmeter-native=5.6.3, jmeter-tcp=5.6.3, jmeter-components=5.6.3]
2024-03-05 16:03:15,819 INFO c.b.j.c.c.t.LocalConfiguration: Installing default files
2024-03-05 16:03:15,833 INFO c.b.j.c.c.t.LocalConfiguration: bzm - Correlation Recorder Test Plan Template installed
2024-03-05 16:03:15,834 INFO c.b.j.c.c.t.LocalConfiguration: Siebel Correlation's Template installed
2024-03-05 16:03:15,835 INFO c.b.j.c.c.t.LocalConfiguration: correlation.properties file loaded
2024-03-05 16:03:16,090 INFO o.a.j.e.KeyToolUtils: keytool found at 'keytool'
2024-03-05 16:03:16,091 INFO o.a.j.p.h.p.ProxyControl: HTTP(S) Test Script Recorder SSL Proxy will use keys that support embedded 3rd party resources in file /opt/homebrew/Cellar/jmeter/5.6.3/libexec/bin/proxyserver.jks
2024-03-05 16:04:04,564 INFO o.a.j.e.u.CompoundVariable: Note: Function class names must contain the string: '.functions.'
2024-03-05 16:04:04,566 INFO o.a.j.e.u.CompoundVariable: Note: Function class names must not contain the string: '.gui.'
2024-03-05 16:04:04,617 INFO o.a.j.r.ClassFinder: Will scan jar /opt/homebrew/Cellar/jmeter/5.6.3/libexec/lib/ext/jmeter-plugins-manager-1.10.jar with filter ExtendsClassFilter [parents=[interface org.apache.jmeter.functions.Function], inner=false, contains=null, notContains=null]. Consider exposing JMeter plugins via META-INF/services, and add JMeter-Skip-Class-Scanning=true manifest attribute so JMeter can skip classfile scanning
2024-03-05 16:04:04,619 INFO o.a.j.r.ClassFinder: Will scan jar /opt/homebrew/Cellar/jmeter/5.6.3/libexec/lib/ext/bzm-repositories-plugin-1.1.jar with filter ExtendsClassFilter [parents=[interface org.apache.jmeter.functions.Function], inner=false, contains=null, notContains=null]. Consider exposing JMeter plugins via META-INF/services, and add JMeter-Skip-Class-Scanning=true manifest attribute so JMeter can skip classfile scanning
2024-03-05 16:04:04,619 INFO o.a.j.r.ClassFinder: Will scan jar /opt/homebrew/Cellar/jmeter/5.6.3/libexec/lib/ext/jmeter-bzm-correlation-recorder-2.2.1.jar with filter ExtendsClassFilter [parents=[interface org.apache.jmeter.functions.Function], inner=false, contains=null, notContains=null]. Consider exposing JMeter plugins via META-INF/services, and add JMeter-Skip-Class-Scanning=true manifest attribute so JMeter can skip classfile scanning
2024-03-05 16:04:04,713 INFO o.a.j.p.h.p.ProxyControl: Valid alias found for :root_ca:
2024-03-05 16:04:04,713 INFO o.a.j.p.h.p.ProxyControl: Valid alias found for :intermediate_ca:
2024-03-05 16:04:04,713 INFO o.a.j.p.h.p.ProxyControl: Creating entry localhost in /opt/homebrew/Cellar/jmeter/5.6.3/libexec/bin/proxyserver.jks
2024-03-05 16:04:07,300 INFO o.a.j.p.h.p.Daemon: Creating Daemon Socket on port: 8888
2024-03-05 16:04:07,303 INFO o.a.j.p.h.p.Daemon: Test Script Recorder up and running!
2024-03-05 16:04:28,641 INFO o.a.j.r.ClassFinder: Will scan jar /opt/homebrew/Cellar/jmeter/5.6.3/libexec/lib/ext/jmeter-plugins-manager-1.10.jar with filter ExtendsClassFilter [parents=[interface org.apache.jmeter.protocol.http.proxy.SamplerCreator], inner=false, contains=null, notContains=null]. Consider exposing JMeter plugins via META-INF/services, and add JMeter-Skip-Class-Scanning=true manifest attribute so JMeter can skip classfile scanning
2024-03-05 16:04:28,643 INFO o.a.j.r.ClassFinder: Will scan jar /opt/homebrew/Cellar/jmeter/5.6.3/libexec/lib/ext/bzm-repositories-plugin-1.1.jar with filter ExtendsClassFilter [parents=[interface org.apache.jmeter.protocol.http.proxy.SamplerCreator], inner=false, contains=null, notContains=null]. Consider exposing JMeter plugins via META-INF/services, and add JMeter-Skip-Class-Scanning=true manifest attribute so JMeter can skip classfile scanning
2024-03-05 16:04:28,643 INFO o.a.j.r.ClassFinder: Will scan jar /opt/homebrew/Cellar/jmeter/5.6.3/libexec/lib/ext/jmeter-bzm-correlation-recorder-2.2.1.jar with filter ExtendsClassFilter [parents=[interface org.apache.jmeter.protocol.http.proxy.SamplerCreator], inner=false, contains=null, notContains=null]. Consider exposing JMeter plugins via META-INF/services, and add JMeter-Skip-Class-Scanning=true manifest attribute so JMeter can skip classfile scanning
2024-03-05 16:04:28,645 INFO o.a.j.p.h.p.Proxy: Proxy will remove the headers: If-Modified-Since,If-None-Match,Host
2024-03-05 16:04:28,653 INFO o.a.j.p.h.s.HTTPSamplerBase: Parser for text/html is org.apache.jmeter.protocol.http.parser.LagartoBasedHtmlParser
2024-03-05 16:04:28,653 INFO o.a.j.p.h.s.HTTPSamplerBase: Parser for application/xhtml+xml is org.apache.jmeter.protocol.http.parser.LagartoBasedHtmlParser
2024-03-05 16:04:28,653 INFO o.a.j.p.h.s.HTTPSamplerBase: Parser for application/xml is org.apache.jmeter.protocol.http.parser.LagartoBasedHtmlParser
2024-03-05 16:04:28,653 INFO o.a.j.p.h.s.HTTPSamplerBase: Parser for text/xml is org.apache.jmeter.protocol.http.parser.LagartoBasedHtmlParser
2024-03-05 16:04:28,653 INFO o.a.j.p.h.s.HTTPSamplerBase: Parser for text/vnd.wap.wml is org.apache.jmeter.protocol.http.parser.RegexpHTMLParser
2024-03-05 16:04:28,653 INFO o.a.j.p.h.s.HTTPSamplerBase: Parser for text/css is org.apache.jmeter.protocol.http.parser.CssParser
2024-03-05 16:04:28,659 INFO o.a.j.p.h.s.HTTPHCAbstractImpl: Local host = jhmacbook.local
2024-03-05 16:04:28,663 INFO o.a.j.p.h.s.HTTPHC4Impl: HTTP request retry count = 0
2024-03-05 16:04:28,664 INFO o.a.j.s.SampleResult: Note: Sample TimeStamps are START times
2024-03-05 16:04:28,664 INFO o.a.j.s.SampleResult: sampleresult.default.encoding is set to UTF-8
2024-03-05 16:04:28,664 INFO o.a.j.s.SampleResult: sampleresult.useNanoTime=true
2024-03-05 16:04:28,664 INFO o.a.j.s.SampleResult: sampleresult.nanoThreadSleep=5000
2024-03-05 16:04:28,800 INFO o.a.j.s.SampleEvent: List of sample_variables: []
2024-03-05 16:04:28,874 INFO o.a.j.p.h.p.Proxy: [60266]  KeyStore for SSL loaded OK and put host 'incoming.telemetry.mozilla.org' in map with key (incoming.telemetry.mozilla.org)
2024-03-05 16:04:28,889 INFO o.a.j.p.h.p.ProxyControl: Add sample Home/-1 into controller Home
2024-03-05 16:04:28,965 WARN o.a.j.p.h.p.Proxy: [60273]  Problem with SSL certificate for url  for 'incoming.telemetry.mozilla.org'? Ensure browser is set to accept the JMeter proxy cert: Broken pipe
2024-03-05 16:04:28,965 WARN o.a.j.p.h.p.Proxy: [60266]  Problem with SSL certificate for url  for 'incoming.telemetry.mozilla.org'? Ensure browser is set to accept the JMeter proxy cert: Broken pipe
2024-03-05 16:04:28,978 WARN o.a.j.p.h.p.Proxy: [60274]  Problem with SSL certificate for url  for 'incoming.telemetry.mozilla.org'? Ensure browser is set to accept the JMeter proxy cert: Broken pipe
2024-03-05 16:04:29,094 INFO o.a.j.p.h.p.ProxyControl: Add sample Home/canonical.html-2 into controller Home
2024-03-05 16:04:29,099 INFO o.a.j.p.h.p.ProxyControl: Add sample Home/success.txt-3 into controller Home
2024-03-05 16:04:29,104 INFO o.a.j.p.h.p.ProxyControl: Add sample Home/success.txt-4 into controller Home
2024-03-05 16:04:42,137 INFO o.a.j.p.h.p.ProxyControl: Add sample Find Owners/owners/find-5 into controller Find Owners
2024-03-05 16:04:54,342 INFO o.a.j.p.h.p.ProxyControl: Add sample Find Owner/owners-6 into controller Find Owner
2024-03-05 16:04:56,147 INFO o.a.j.p.h.p.Proxy: [60289]  KeyStore for SSL loaded OK and put host 'push.services.mozilla.com' in map with key (push.services.mozilla.com)
2024-03-05 16:04:56,209 WARN o.a.j.p.h.p.Proxy: [60289]  Problem with SSL certificate for url  for 'push.services.mozilla.com'? Ensure browser is set to accept the JMeter proxy cert: Broken pipe
2024-03-05 16:04:56,375 INFO o.a.j.p.h.p.ProxyControl: Add sample Find Owner/canonical.html-7 into controller Find Owner
2024-03-05 16:04:56,380 INFO o.a.j.p.h.p.ProxyControl: Add sample Find Owner/success.txt-8 into controller Find Owner
2024-03-05 16:04:56,384 INFO o.a.j.p.h.p.ProxyControl: Add sample Find Owner/success.txt-9 into controller Find Owner
2024-03-05 16:05:04,909 INFO o.a.j.p.h.p.ProxyControl: Add sample Betty Davis/owners/2-10 into controller Betty Davis
2024-03-05 16:05:18,149 INFO o.a.j.p.h.p.ProxyControl: Add sample Edit Owner/owners/2/edit-11 into controller Edit Owner
2024-03-05 16:05:35,637 INFO o.a.j.p.h.p.ProxyControl: Add sample Update Owner/owners/2/edit-12 into controller Update Owner
2024-03-05 16:05:35,648 INFO o.a.j.p.h.p.ProxyControl: Add sample Update Owner/owners/2-13 into controller Update Owner
2024-03-05 16:05:42,612 INFO o.a.j.p.h.p.Daemon: HTTP(S) Test Script Recorder stopped
2024-03-05 16:06:52,420 INFO o.a.j.s.FileServer: Default base='/Users/jhiyoshi/projects/spring-petclinic'
2024-03-05 16:06:52,422 INFO o.a.j.s.FileServer: Set new base='/Users/jhiyoshi/projects'
2024-03-05 16:06:52,553 INFO o.a.j.s.SaveService: Testplan (JMX) version: 2.2. Testlog (JTL) version: 2.2
2024-03-05 16:06:52,559 INFO o.a.j.s.SaveService: Using SaveService properties version 5.0
2024-03-05 16:06:52,560 INFO o.a.j.s.SaveService: Using SaveService properties file encoding UTF-8
2024-03-05 16:10:37,948 INFO o.a.j.e.StandardJMeterEngine: Running the test!
2024-03-05 16:10:37,948 INFO o.a.j.s.SampleEvent: List of sample_variables: []
2024-03-05 16:10:37,951 INFO o.a.j.g.u.JMeterMenuBar: setRunning(true, *local*)
2024-03-05 16:10:38,021 INFO o.a.j.e.StandardJMeterEngine: Starting ThreadGroup: 1 : Thread Group
2024-03-05 16:10:38,021 INFO o.a.j.e.StandardJMeterEngine: Starting 1 threads for group Thread Group.
2024-03-05 16:10:38,021 INFO o.a.j.e.StandardJMeterEngine: Thread will continue on error
2024-03-05 16:10:38,021 INFO o.a.j.t.ThreadGroup: Starting thread group... number=1 threads=1 ramp-up=1 delayedStart=false
2024-03-05 16:10:38,025 INFO o.a.j.t.ThreadGroup: Started thread group number 1
2024-03-05 16:10:38,025 INFO o.a.j.e.StandardJMeterEngine: All thread groups have been started
2024-03-05 16:10:38,025 INFO o.a.j.t.JMeterThread: Thread started: Thread Group 1-1
2024-03-05 16:10:38,410 INFO o.a.j.t.JMeterThread: Thread is done: Thread Group 1-1
2024-03-05 16:10:38,410 INFO o.a.j.t.JMeterThread: Thread finished: Thread Group 1-1
2024-03-05 16:10:38,410 INFO o.a.j.e.StandardJMeterEngine: Notifying test listeners of end of test
2024-03-05 16:10:38,410 INFO o.a.j.g.u.JMeterMenuBar: setRunning(false, *local*)
2024-03-05 16:11:23,683 INFO o.a.j.r.ClassFinder: Will scan jar /opt/homebrew/Cellar/jmeter/5.6.3/libexec/lib/ext/jmeter-plugins-manager-1.10.jar with filter ExtendsClassFilter [parents=[interface org.apache.jmeter.visualizers.backend.BackendListenerClient], inner=false, contains=null, notContains=null]. Consider exposing JMeter plugins via META-INF/services, and add JMeter-Skip-Class-Scanning=true manifest attribute so JMeter can skip classfile scanning
2024-03-05 16:11:23,686 INFO o.a.j.r.ClassFinder: Will scan jar /opt/homebrew/Cellar/jmeter/5.6.3/libexec/lib/ext/bzm-repositories-plugin-1.1.jar with filter ExtendsClassFilter [parents=[interface org.apache.jmeter.visualizers.backend.BackendListenerClient], inner=false, contains=null, notContains=null]. Consider exposing JMeter plugins via META-INF/services, and add JMeter-Skip-Class-Scanning=true manifest attribute so JMeter can skip classfile scanning
2024-03-05 16:11:23,687 INFO o.a.j.r.ClassFinder: Will scan jar /opt/homebrew/Cellar/jmeter/5.6.3/libexec/lib/ext/jmeter-bzm-correlation-recorder-2.2.1.jar with filter ExtendsClassFilter [parents=[interface org.apache.jmeter.visualizers.backend.BackendListenerClient], inner=false, contains=null, notContains=null]. Consider exposing JMeter plugins via META-INF/services, and add JMeter-Skip-Class-Scanning=true manifest attribute so JMeter can skip classfile scanning
2024-03-05 16:16:41,384 INFO o.a.j.r.ClassFinder: Will scan jar /opt/homebrew/Cellar/jmeter/5.6.3/libexec/lib/ext/jmeter-plugins-manager-1.10.jar with filter ExtendsClassFilter [parents=[interface org.apache.jmeter.visualizers.ResultRenderer], inner=false, contains=null, notContains=null]. Consider exposing JMeter plugins via META-INF/services, and add JMeter-Skip-Class-Scanning=true manifest attribute so JMeter can skip classfile scanning
2024-03-05 16:16:41,388 INFO o.a.j.r.ClassFinder: Will scan jar /opt/homebrew/Cellar/jmeter/5.6.3/libexec/lib/ext/bzm-repositories-plugin-1.1.jar with filter ExtendsClassFilter [parents=[interface org.apache.jmeter.visualizers.ResultRenderer], inner=false, contains=null, notContains=null]. Consider exposing JMeter plugins via META-INF/services, and add JMeter-Skip-Class-Scanning=true manifest attribute so JMeter can skip classfile scanning
2024-03-05 16:16:41,389 INFO o.a.j.r.ClassFinder: Will scan jar /opt/homebrew/Cellar/jmeter/5.6.3/libexec/lib/ext/jmeter-bzm-correlation-recorder-2.2.1.jar with filter ExtendsClassFilter [parents=[interface org.apache.jmeter.visualizers.ResultRenderer], inner=false, contains=null, notContains=null]. Consider exposing JMeter plugins via META-INF/services, and add JMeter-Skip-Class-Scanning=true manifest attribute so JMeter can skip classfile scanning
2024-03-05 16:16:41,403 INFO o.a.j.r.ClassFinder: Will scan jar /opt/homebrew/Cellar/jmeter/5.6.3/libexec/lib/ext/jmeter-plugins-manager-1.10.jar with filter ExtendsClassFilter [parents=[interface org.apache.jmeter.visualizers.RequestView], inner=false, contains=null, notContains=null]. Consider exposing JMeter plugins via META-INF/services, and add JMeter-Skip-Class-Scanning=true manifest attribute so JMeter can skip classfile scanning
2024-03-05 16:16:41,404 INFO o.a.j.r.ClassFinder: Will scan jar /opt/homebrew/Cellar/jmeter/5.6.3/libexec/lib/ext/bzm-repositories-plugin-1.1.jar with filter ExtendsClassFilter [parents=[interface org.apache.jmeter.visualizers.RequestView], inner=false, contains=null, notContains=null]. Consider exposing JMeter plugins via META-INF/services, and add JMeter-Skip-Class-Scanning=true manifest attribute so JMeter can skip classfile scanning
2024-03-05 16:16:41,405 INFO o.a.j.r.ClassFinder: Will scan jar /opt/homebrew/Cellar/jmeter/5.6.3/libexec/lib/ext/jmeter-bzm-correlation-recorder-2.2.1.jar with filter ExtendsClassFilter [parents=[interface org.apache.jmeter.visualizers.RequestView], inner=false, contains=null, notContains=null]. Consider exposing JMeter plugins via META-INF/services, and add JMeter-Skip-Class-Scanning=true manifest attribute so JMeter can skip classfile scanning
2024-03-05 16:22:10,902 INFO o.a.j.e.StandardJMeterEngine: Running the test!
2024-03-05 16:22:10,903 INFO o.a.j.s.SampleEvent: List of sample_variables: []
2024-03-05 16:22:10,905 INFO o.a.j.g.u.JMeterMenuBar: setRunning(true, *local*)
2024-03-05 16:22:10,969 INFO o.a.j.e.StandardJMeterEngine: Starting ThreadGroup: 1 : Thread Group
2024-03-05 16:22:10,969 INFO o.a.j.e.StandardJMeterEngine: Starting 10 threads for group Thread Group.
2024-03-05 16:22:10,969 INFO o.a.j.e.StandardJMeterEngine: Thread will continue on error
2024-03-05 16:22:10,969 INFO o.a.j.t.ThreadGroup: Starting thread group... number=1 threads=10 ramp-up=10 delayedStart=true
2024-03-05 16:22:10,971 INFO o.a.j.t.ThreadGroup: Started thread group number 1
2024-03-05 16:22:10,971 INFO o.a.j.e.StandardJMeterEngine: All thread groups have been started
2024-03-05 16:22:11,977 INFO o.a.j.e.StandardJMeterEngine: Notifying test listeners of end of test
2024-03-05 16:22:11,977 INFO o.a.j.g.u.JMeterMenuBar: setRunning(false, *local*)
2024-03-05 16:22:14,712 INFO o.a.j.e.StandardJMeterEngine: Running the test!
2024-03-05 16:22:14,712 INFO o.a.j.s.SampleEvent: List of sample_variables: []
2024-03-05 16:22:14,714 INFO o.a.j.g.u.JMeterMenuBar: setRunning(true, *local*)
2024-03-05 16:22:14,757 INFO o.a.j.e.StandardJMeterEngine: Starting ThreadGroup: 1 : Thread Group
2024-03-05 16:22:14,758 INFO o.a.j.e.StandardJMeterEngine: Starting 10 threads for group Thread Group.
2024-03-05 16:22:14,758 INFO o.a.j.e.StandardJMeterEngine: Thread will continue on error
2024-03-05 16:22:14,758 INFO o.a.j.t.ThreadGroup: Starting thread group... number=1 threads=10 ramp-up=10 delayedStart=true
2024-03-05 16:22:14,758 INFO o.a.j.t.ThreadGroup: Started thread group number 1
2024-03-05 16:22:14,758 INFO o.a.j.e.StandardJMeterEngine: All thread groups have been started
2024-03-05 16:22:15,763 INFO o.a.j.e.StandardJMeterEngine: Notifying test listeners of end of test
2024-03-05 16:22:15,764 INFO o.a.j.g.u.JMeterMenuBar: setRunning(false, *local*)
2024-03-05 16:22:45,760 INFO o.a.j.e.StandardJMeterEngine: Running the test!
2024-03-05 16:22:45,761 INFO o.a.j.s.SampleEvent: List of sample_variables: []
2024-03-05 16:22:45,762 INFO o.a.j.g.u.JMeterMenuBar: setRunning(true, *local*)
2024-03-05 16:22:45,799 INFO o.a.j.e.StandardJMeterEngine: Starting ThreadGroup: 1 : Thread Group
2024-03-05 16:22:45,800 INFO o.a.j.e.StandardJMeterEngine: Starting 10 threads for group Thread Group.
2024-03-05 16:22:45,801 INFO o.a.j.e.StandardJMeterEngine: Thread will continue on error
2024-03-05 16:22:45,801 INFO o.a.j.t.ThreadGroup: Starting thread group... number=1 threads=10 ramp-up=10 delayedStart=true
2024-03-05 16:22:45,801 INFO o.a.j.t.ThreadGroup: Started thread group number 1
2024-03-05 16:22:45,801 INFO o.a.j.e.StandardJMeterEngine: All thread groups have been started
2024-03-05 16:22:46,806 INFO o.a.j.e.StandardJMeterEngine: Notifying test listeners of end of test
2024-03-05 16:22:46,807 INFO o.a.j.g.u.JMeterMenuBar: setRunning(false, *local*)
2024-03-05 17:16:03,465 INFO o.a.j.e.StandardJMeterEngine: Running the test!
2024-03-05 17:16:03,467 INFO o.a.j.s.SampleEvent: List of sample_variables: []
2024-03-05 17:16:03,468 INFO o.a.j.g.u.JMeterMenuBar: setRunning(true, *local*)
2024-03-05 17:16:03,535 INFO o.a.j.e.StandardJMeterEngine: Starting ThreadGroup: 1 : Thread Group
2024-03-05 17:16:03,536 INFO o.a.j.e.StandardJMeterEngine: Starting 10 threads for group Thread Group.
2024-03-05 17:16:03,536 INFO o.a.j.e.StandardJMeterEngine: Thread will continue on error
2024-03-05 17:16:03,536 INFO o.a.j.t.ThreadGroup: Starting thread group... number=1 threads=10 ramp-up=10 delayedStart=true
2024-03-05 17:16:03,536 INFO o.a.j.t.ThreadGroup: Started thread group number 1
2024-03-05 17:16:03,537 INFO o.a.j.e.StandardJMeterEngine: All thread groups have been started
2024-03-05 17:16:04,542 INFO o.a.j.e.StandardJMeterEngine: Notifying test listeners of end of test
2024-03-05 17:16:04,543 INFO o.a.j.g.u.JMeterMenuBar: setRunning(false, *local*)
2024-03-05 17:16:14,541 INFO o.a.j.e.StandardJMeterEngine: Running the test!
2024-03-05 17:16:14,542 INFO o.a.j.s.SampleEvent: List of sample_variables: []
2024-03-05 17:16:14,543 INFO o.a.j.g.u.JMeterMenuBar: setRunning(true, *local*)
2024-03-05 17:16:14,589 INFO o.a.j.e.StandardJMeterEngine: Starting ThreadGroup: 1 : Thread Group
2024-03-05 17:16:14,590 INFO o.a.j.e.StandardJMeterEngine: Starting 10 threads for group Thread Group.
2024-03-05 17:16:14,590 INFO o.a.j.e.StandardJMeterEngine: Thread will continue on error
2024-03-05 17:16:14,590 INFO o.a.j.t.ThreadGroup: Starting thread group... number=1 threads=10 ramp-up=10 delayedStart=true
2024-03-05 17:16:14,591 INFO o.a.j.t.ThreadGroup: Started thread group number 1
2024-03-05 17:16:14,591 INFO o.a.j.e.StandardJMeterEngine: All thread groups have been started
2024-03-05 17:16:15,595 INFO o.a.j.e.StandardJMeterEngine: Notifying test listeners of end of test
2024-03-05 17:16:15,596 INFO o.a.j.g.u.JMeterMenuBar: setRunning(false, *local*)
2024-03-05 17:16:16,844 INFO o.a.j.e.StandardJMeterEngine: Running the test!
2024-03-05 17:16:16,844 INFO o.a.j.s.SampleEvent: List of sample_variables: []
2024-03-05 17:16:16,845 INFO o.a.j.g.u.JMeterMenuBar: setRunning(true, *local*)
2024-03-05 17:16:16,876 INFO o.a.j.e.StandardJMeterEngine: Starting ThreadGroup: 1 : Thread Group
2024-03-05 17:16:16,876 INFO o.a.j.e.StandardJMeterEngine: Starting 10 threads for group Thread Group.
2024-03-05 17:16:16,877 INFO o.a.j.e.StandardJMeterEngine: Thread will continue on error
2024-03-05 17:16:16,877 INFO o.a.j.t.ThreadGroup: Starting thread group... number=1 threads=10 ramp-up=10 delayedStart=true
2024-03-05 17:16:16,877 INFO o.a.j.t.ThreadGroup: Started thread group number 1
2024-03-05 17:16:16,877 INFO o.a.j.e.StandardJMeterEngine: All thread groups have been started
2024-03-05 17:16:17,881 INFO o.a.j.e.StandardJMeterEngine: Notifying test listeners of end of test
2024-03-05 17:16:17,882 INFO o.a.j.g.u.JMeterMenuBar: setRunning(false, *local*)
2024-03-05 17:16:26,350 INFO o.a.j.e.StandardJMeterEngine: Running the test!
2024-03-05 17:16:26,351 INFO o.a.j.s.SampleEvent: List of sample_variables: []
2024-03-05 17:16:26,352 INFO o.a.j.g.u.JMeterMenuBar: setRunning(true, *local*)
2024-03-05 17:16:26,387 INFO o.a.j.e.StandardJMeterEngine: Starting ThreadGroup: 1 : Thread Group
2024-03-05 17:16:26,390 INFO o.a.j.e.StandardJMeterEngine: Starting 10 threads for group Thread Group.
2024-03-05 17:16:26,390 INFO o.a.j.e.StandardJMeterEngine: Thread will continue on error
2024-03-05 17:16:26,391 INFO o.a.j.t.ThreadGroup: Starting thread group... number=1 threads=10 ramp-up=10 delayedStart=true
2024-03-05 17:16:26,391 INFO o.a.j.t.ThreadGroup: Started thread group number 1
2024-03-05 17:16:26,391 INFO o.a.j.e.StandardJMeterEngine: All thread groups have been started
2024-03-05 17:16:27,396 INFO o.a.j.e.StandardJMeterEngine: Notifying test listeners of end of test
2024-03-05 17:16:27,397 INFO o.a.j.g.u.JMeterMenuBar: setRunning(false, *local*)
2024-03-05 17:17:11,290 INFO o.a.j.e.StandardJMeterEngine: Running the test!
2024-03-05 17:17:11,292 INFO o.a.j.s.SampleEvent: List of sample_variables: []
2024-03-05 17:17:11,293 INFO o.a.j.g.u.JMeterMenuBar: setRunning(true, *local*)
2024-03-05 17:17:11,331 INFO o.a.j.e.StandardJMeterEngine: Starting ThreadGroup: 1 : Thread Group
2024-03-05 17:17:11,331 INFO o.a.j.e.StandardJMeterEngine: Starting 1 threads for group Thread Group.
2024-03-05 17:17:11,331 INFO o.a.j.e.StandardJMeterEngine: Thread will continue on error
2024-03-05 17:17:11,331 INFO o.a.j.t.ThreadGroup: Starting thread group... number=1 threads=1 ramp-up=1 delayedStart=false
2024-03-05 17:17:11,332 INFO o.a.j.t.ThreadGroup: Started thread group number 1
2024-03-05 17:17:11,332 INFO o.a.j.e.StandardJMeterEngine: All thread groups have been started
2024-03-05 17:17:11,332 INFO o.a.j.t.JMeterThread: Thread started: Thread Group 1-1
2024-03-05 17:18:45,012 INFO o.a.j.t.JMeterThread: Thread is done: Thread Group 1-1
2024-03-05 17:18:45,013 INFO o.a.j.t.JMeterThread: Thread finished: Thread Group 1-1
2024-03-05 17:18:45,014 INFO o.a.j.e.StandardJMeterEngine: Notifying test listeners of end of test
2024-03-05 17:18:45,015 INFO o.a.j.g.u.JMeterMenuBar: setRunning(false, *local*)
2024-03-05 17:18:59,106 INFO o.a.j.e.StandardJMeterEngine: Running the test!
2024-03-05 17:18:59,107 INFO o.a.j.s.SampleEvent: List of sample_variables: []
2024-03-05 17:18:59,107 INFO o.a.j.g.u.JMeterMenuBar: setRunning(true, *local*)
2024-03-05 17:18:59,143 INFO o.a.j.e.StandardJMeterEngine: Starting ThreadGroup: 1 : Thread Group
2024-03-05 17:18:59,143 INFO o.a.j.e.StandardJMeterEngine: Starting 10 threads for group Thread Group.
2024-03-05 17:18:59,143 INFO o.a.j.e.StandardJMeterEngine: Thread will continue on error
2024-03-05 17:18:59,143 INFO o.a.j.t.ThreadGroup: Starting thread group... number=1 threads=10 ramp-up=1 delayedStart=false
2024-03-05 17:18:59,145 INFO o.a.j.t.JMeterThread: Thread started: Thread Group 1-1
2024-03-05 17:18:59,161 INFO o.a.j.t.ThreadGroup: Started thread group number 1
2024-03-05 17:18:59,161 INFO o.a.j.e.StandardJMeterEngine: All thread groups have been started
2024-03-05 17:18:59,250 INFO o.a.j.t.JMeterThread: Thread started: Thread Group 1-2
2024-03-05 17:18:59,350 INFO o.a.j.t.JMeterThread: Thread started: Thread Group 1-3
2024-03-05 17:18:59,449 INFO o.a.j.t.JMeterThread: Thread started: Thread Group 1-4
2024-03-05 17:18:59,549 INFO o.a.j.t.JMeterThread: Thread started: Thread Group 1-5
2024-03-05 17:18:59,651 INFO o.a.j.t.JMeterThread: Thread started: Thread Group 1-6
2024-03-05 17:18:59,753 INFO o.a.j.t.JMeterThread: Thread started: Thread Group 1-7
2024-03-05 17:18:59,852 INFO o.a.j.t.JMeterThread: Thread started: Thread Group 1-8
2024-03-05 17:18:59,952 INFO o.a.j.t.JMeterThread: Thread started: Thread Group 1-9
2024-03-05 17:19:00,051 INFO o.a.j.t.JMeterThread: Thread started: Thread Group 1-10
2024-03-05 17:34:38,002 INFO o.a.j.t.JMeterThread: Thread is done: Thread Group 1-3
2024-03-05 17:34:38,002 INFO o.a.j.t.JMeterThread: Thread is done: Thread Group 1-10
2024-03-05 17:34:38,002 INFO o.a.j.t.JMeterThread: Thread is done: Thread Group 1-9
2024-03-05 17:34:38,002 INFO o.a.j.t.JMeterThread: Thread is done: Thread Group 1-4
2024-03-05 17:34:38,003 INFO o.a.j.t.JMeterThread: Thread is done: Thread Group 1-8
2024-03-05 17:34:38,004 INFO o.a.j.t.JMeterThread: Thread finished: Thread Group 1-3
2024-03-05 17:34:38,004 INFO o.a.j.t.JMeterThread: Thread finished: Thread Group 1-9
2024-03-05 17:34:38,003 INFO o.a.j.t.JMeterThread: Thread is done: Thread Group 1-7
2024-03-05 17:34:38,004 INFO o.a.j.t.JMeterThread: Thread finished: Thread Group 1-7
2024-03-05 17:34:38,004 INFO o.a.j.t.JMeterThread: Thread finished: Thread Group 1-4
2024-03-05 17:34:38,004 INFO o.a.j.t.JMeterThread: Thread finished: Thread Group 1-8
2024-03-05 17:34:38,005 INFO o.a.j.t.JMeterThread: Thread finished: Thread Group 1-10
2024-03-05 17:34:38,063 INFO o.a.j.t.JMeterThread: Thread is done: Thread Group 1-6
2024-03-05 17:34:38,063 INFO o.a.j.t.JMeterThread: Thread is done: Thread Group 1-2
2024-03-05 17:34:38,063 INFO o.a.j.t.JMeterThread: Thread finished: Thread Group 1-6
2024-03-05 17:34:38,063 INFO o.a.j.t.JMeterThread: Thread is done: Thread Group 1-5
2024-03-05 17:34:38,064 INFO o.a.j.t.JMeterThread: Thread finished: Thread Group 1-5
2024-03-05 17:34:38,063 INFO o.a.j.t.JMeterThread: Thread finished: Thread Group 1-2
2024-03-05 17:34:38,065 INFO o.a.j.t.JMeterThread: Thread is done: Thread Group 1-1
2024-03-05 17:34:38,065 INFO o.a.j.t.JMeterThread: Thread finished: Thread Group 1-1
2024-03-05 17:34:38,066 INFO o.a.j.e.StandardJMeterEngine: Notifying test listeners of end of test
2024-03-05 17:34:38,066 INFO o.a.j.g.u.JMeterMenuBar: setRunning(false, *local*)
